  array.c
  element.c
  list.c
  main.c
C:\Users\django\Documents\fondamenti1\libraries\fondamenti1\esercizi.h(282,47): warning C4267: '=': conversione da 'size_t' a 'int'. Possibile perdita di dati.
C:\Users\django\Documents\fondamenti1\libraries\fondamenti1\esercizi.h(293,45): warning C4267: '=': conversione da 'size_t' a 'int'. Possibile perdita di dati.
  mymath.c
C:\Users\django\Documents\fondamenti1\libraries\fondamenti1\mymath.c(10,19): warning C4013: 'sqrt' non definita. Verrà considerata come esterna che restituisce un int.
C:\Users\django\Documents\fondamenti1\libraries\fondamenti1\mymath.c(12,27): warning C4013: 'atan2' non definita. Verrà considerata come esterna che restituisce un int.
  mystring.c
C:\Users\django\Documents\fondamenti1\libraries\fondamenti1\mystring.c(11,1): warning C4267: 'inizializzazione': conversione da 'size_t' a 'int'. Possibile perdita di dati.
C:\Users\django\Documents\fondamenti1\libraries\fondamenti1\mystring.c(21,1): warning C4267: 'inizializzazione': conversione da 'size_t' a 'int'. Possibile perdita di dati.
C:\Users\django\Documents\fondamenti1\libraries\fondamenti1\mystring.c(22,1): warning C4267: 'inizializzazione': conversione da 'size_t' a 'int'. Possibile perdita di dati.
  sort.c
  Generazione del codice in corso...
C:\Users\django\Documents\fondamenti1\libraries\fondamenti1\mymath.c(92): warning C4715: 'integrale_ricorsivo': non tutti i percorsi di controllo restituiscono un valore
C:\Users\django\Documents\fondamenti1\libraries\fondamenti1\element.c(12): warning C4716: 'compareTo_el': deve restituire un valore
  esercizi.h
C:\Users\django\Documents\fondamenti1\libraries\fondamenti1\esercizi.h(282,47): warning C4267: '=': conversione da 'size_t' a 'int'. Possibile perdita di dati.
C:\Users\django\Documents\fondamenti1\libraries\fondamenti1\esercizi.h(293,45): warning C4267: '=': conversione da 'size_t' a 'int'. Possibile perdita di dati.
  fondamenti1.vcxproj -> C:\Users\django\Documents\fondamenti1\libraries\x64\Debug\fondamenti1.exe
