c:\users\django\documents\fondamenti1\libraries\fondamenti1\x64\debug\vc142.pdb
c:\users\django\documents\fondamenti1\libraries\fondamenti1\x64\debug\vc142.idb
c:\users\django\documents\fondamenti1\libraries\fondamenti1\x64\debug\sort.obj
c:\users\django\documents\fondamenti1\libraries\fondamenti1\x64\debug\mystring.obj
c:\users\django\documents\fondamenti1\libraries\fondamenti1\x64\debug\mymath.obj
c:\users\django\documents\fondamenti1\libraries\fondamenti1\x64\debug\main.obj
c:\users\django\documents\fondamenti1\libraries\fondamenti1\x64\debug\list.obj
c:\users\django\documents\fondamenti1\libraries\fondamenti1\x64\debug\myfile.obj
c:\users\django\documents\fondamenti1\libraries\fondamenti1\x64\debug\element.obj
c:\users\django\documents\fondamenti1\libraries\fondamenti1\x64\debug\array.obj
c:\users\django\documents\fondamenti1\libraries\fondamenti1\x64\debug\esercizi.obj
c:\users\django\documents\fondamenti1\libraries\x64\debug\fondamenti1.ilk
c:\users\django\documents\fondamenti1\libraries\x64\debug\fondamenti1.exe
c:\users\django\documents\fondamenti1\libraries\x64\debug\fondamenti1.pdb
c:\users\django\documents\fondamenti1\libraries\fondamenti1\x64\debug\fondamenti1.tlog\cl.command.1.tlog
c:\users\django\documents\fondamenti1\libraries\fondamenti1\x64\debug\fondamenti1.tlog\cl.read.1.tlog
c:\users\django\documents\fondamenti1\libraries\fondamenti1\x64\debug\fondamenti1.tlog\cl.write.1.tlog
c:\users\django\documents\fondamenti1\libraries\fondamenti1\x64\debug\fondamenti1.tlog\link.command.1.tlog
c:\users\django\documents\fondamenti1\libraries\fondamenti1\x64\debug\fondamenti1.tlog\link.read.1.tlog
c:\users\django\documents\fondamenti1\libraries\fondamenti1\x64\debug\fondamenti1.tlog\link.write.1.tlog
